{"type":"operationStart","subtype":"profile","data":{"_id":"LRn7f8Zgiqe98RP8","timestamp":"2026-06-09T04:24:23.438Z","state":"queued","mode":"standard","creationDate":"2026-06-09T04:24:23.439Z","modificationDate":"2026-06-09T04:24:23.439Z","shortid":"DN3Pq4v","inheritedReadPermissions":[],"inheritedEditPermissions":[],"$entitySet":"profiles"},"doDiffs":false,"timestamp":1780979063439,"id":"357pmqnecsb2e10","previousOperationId":null,"operationId":"dpg1d757bilfghl"}
{"type":"log","level":"info","message":"Render request 1 queued for execution and waiting for available worker","previousOperationId":"dpg1d757bilfghl","timestamp":1780979063439,"id":"4hspwto41mcs09b"}
{"type":"operationStart","subtype":"render","name":"invoice-main","previousOperationId":"dpg1d757bilfghl","timestamp":1780979063459,"id":"rdcrlh78tqa6iat","previousEventId":"357pmqnecsb2e10","operationId":"wg40qwcufjt5cal"}
{"type":"log","timestamp":1780979063460,"level":"info","message":"Starting rendering request 1 (user: admin)","meta":{"rootId":"7ytkp2o6gza5wvz","id":"7ytkp2o6gza5wvz"},"id":"s4wndk398b0tl2u","previousOperationId":"wg40qwcufjt5cal"}
{"type":"log","timestamp":1780979063460,"level":"info","message":"Rendering template { name: invoice-main, recipe: chrome-pdf, engine: handlebars, preview: false }","meta":{"rootId":"7ytkp2o6gza5wvz","id":"7ytkp2o6gza5wvz"},"id":"rsa7al3cmc4vfvy","previousOperationId":"wg40qwcufjt5cal"}
{"type":"log","timestamp":1780979063462,"level":"debug","message":"Inline data specified.","meta":{"rootId":"7ytkp2o6gza5wvz","id":"7ytkp2o6gza5wvz"},"id":"bdqqqj34a4h5u60","previousOperationId":"wg40qwcufjt5cal"}
{"type":"log","timestamp":1780979063463,"level":"debug","message":"Base url not specified, skipping its injection.","meta":{"rootId":"7ytkp2o6gza5wvz","id":"7ytkp2o6gza5wvz"},"id":"5ipaqd6rkvmiruv","previousOperationId":"wg40qwcufjt5cal"}
{"type":"operationStart","subtype":"engine","name":"handlebars","timestamp":1780979063464,"id":"ng3v2b5uppvy2c3","previousEventId":"rdcrlh78tqa6iat","operationId":"81r4dxihgzlypbu","previousOperationId":"wg40qwcufjt5cal"}
{"type":"log","timestamp":1780979063464,"level":"debug","message":"Rendering engine handlebars","meta":{"rootId":"7ytkp2o6gza5wvz","id":"7ytkp2o6gza5wvz"},"id":"4t2jpernnf322f6","previousOperationId":"81r4dxihgzlypbu"}
{"type":"operationEnd","operationId":"81r4dxihgzlypbu","timestamp":1780979063776,"id":"3d04q2p3c3vxuj8","previousEventId":"ng3v2b5uppvy2c3","previousOperationId":"81r4dxihgzlypbu"}
{"type":"operationStart","subtype":"recipe","name":"chrome-pdf","timestamp":1780979063777,"id":"1ela7fts4goezdj","previousEventId":"3d04q2p3c3vxuj8","operationId":"uouz0fjkf8cm06e","previousOperationId":"81r4dxihgzlypbu"}
{"type":"log","timestamp":1780979063777,"level":"debug","message":"Executing recipe chrome-pdf","meta":{"rootId":"7ytkp2o6gza5wvz","id":"7ytkp2o6gza5wvz"},"id":"l7yqajz3jujvzk0","previousOperationId":"uouz0fjkf8cm06e"}
{"type":"log","timestamp":1780979063916,"level":"debug","message":"Converting with chrome HeadlessChrome/117.0.5938.149 using chrome-pool strategy","meta":{"rootId":"7ytkp2o6gza5wvz","id":"7ytkp2o6gza5wvz"},"id":"ec056k86rc1sdei","previousOperationId":"uouz0fjkf8cm06e"}
{"type":"log","timestamp":1780979064069,"level":"debug","message":"Page request: GET (document) file:///tmp/jsreport/autocleanup/36cbe0e0-f2e9-4942-99de-481fc5aa3cfe-chrome-pdf.html","meta":{"rootId":"7ytkp2o6gza5wvz","id":"7ytkp2o6gza5wvz"},"id":"wjtmn606ixovbp4","previousOperationId":"uouz0fjkf8cm06e"}
{"type":"log","timestamp":1780979064089,"level":"debug","message":"Page request finished: GET (document) 200 file:///tmp/jsreport/autocleanup/36cbe0e0-f2e9-4942-99de-481fc5aa3cfe-chrome-pdf.html","meta":{"rootId":"7ytkp2o6gza5wvz","id":"7ytkp2o6gza5wvz"},"id":"xfx74b3q5yrylo1","previousOperationId":"uouz0fjkf8cm06e"}
{"type":"log","timestamp":1780979064097,"level":"debug","message":"Running chrome with params {\"printBackground\":true,\"format\":\"A4\",\"marginTop\":\"\",\"marginLeft\":\"\",\"marginRight\":\"\",\"marginBottom\":\"\",\"timeout\":59658,\"margin\":{\"top\":\"\",\"right\":\"\",\"bottom\":\"\",\"left\":\"\"}}","meta":{"rootId":"7ytkp2o6gza5wvz","id":"7ytkp2o6gza5wvz"},"id":"hy2o8d4hnoheh2c","previousOperationId":"uouz0fjkf8cm06e"}
{"type":"operationEnd","operationId":"uouz0fjkf8cm06e","timestamp":1780979064129,"id":"nw4n6wut5qubj1i","previousEventId":"1ela7fts4goezdj","previousOperationId":"uouz0fjkf8cm06e"}
{"type":"log","timestamp":1780979064130,"level":"debug","message":"Skipping storing report.","meta":{"rootId":"7ytkp2o6gza5wvz","id":"7ytkp2o6gza5wvz"},"id":"qgm8llnz5gixkyx","previousOperationId":"uouz0fjkf8cm06e"}
{"type":"log","timestamp":1780979064130,"level":"info","message":"Rendering request 1 finished in 692 ms","meta":{"rootId":"7ytkp2o6gza5wvz","id":"7ytkp2o6gza5wvz"},"id":"nqwrrm198vzm9ew","previousOperationId":"uouz0fjkf8cm06e"}
{"type":"operationEnd","subtype":"render","operationId":"wg40qwcufjt5cal","timestamp":1780979064130,"id":"csuhjfnboo613vs","previousEventId":"nw4n6wut5qubj1i","previousOperationId":"uouz0fjkf8cm06e"}
{"type":"operationEnd","doDiffs":false,"previousEventId":"357pmqnecsb2e10","previousOperationId":"dpg1d757bilfghl","operationId":"dpg1d757bilfghl","timestamp":1780979064135,"id":"nry313f4b2f30yz"}
