{"type":"operationStart","subtype":"profile","data":{"_id":"HN7E4z9ZXzHqs6A9","timestamp":"2026-06-09T04:39:04.791Z","state":"queued","mode":"standard","creationDate":"2026-06-09T04:39:04.792Z","modificationDate":"2026-06-09T04:39:04.792Z","shortid":"z-9Wpyh","inheritedReadPermissions":[],"inheritedEditPermissions":[],"$entitySet":"profiles"},"doDiffs":false,"timestamp":1780979944792,"id":"kmqfk0y6eavs0pv","previousOperationId":null,"operationId":"p7d8qvssxcy60xo"}
{"type":"log","level":"info","message":"Render request 1 queued for execution and waiting for available worker","previousOperationId":"p7d8qvssxcy60xo","timestamp":1780979944792,"id":"tzqy0eq2gd4g08c"}
{"type":"operationStart","subtype":"render","name":"invoice-main","previousOperationId":"p7d8qvssxcy60xo","timestamp":1780979944808,"id":"z9k2h28y0x3nr10","previousEventId":"kmqfk0y6eavs0pv","operationId":"6hz1qig0wv0uesl"}
{"type":"log","timestamp":1780979944808,"level":"info","message":"Starting rendering request 1 (user: admin)","meta":{"rootId":"ddy30828tcw1nly","id":"ddy30828tcw1nly"},"id":"a70kxl2ok90bgiz","previousOperationId":"6hz1qig0wv0uesl"}
{"type":"log","timestamp":1780979944809,"level":"info","message":"Rendering template { name: invoice-main, recipe: chrome-pdf, engine: handlebars, preview: false }","meta":{"rootId":"ddy30828tcw1nly","id":"ddy30828tcw1nly"},"id":"2b364zfdftb10vo","previousOperationId":"6hz1qig0wv0uesl"}
{"type":"log","timestamp":1780979944810,"level":"debug","message":"Inline data specified.","meta":{"rootId":"ddy30828tcw1nly","id":"ddy30828tcw1nly"},"id":"1ni942pjx7978ba","previousOperationId":"6hz1qig0wv0uesl"}
{"type":"log","timestamp":1780979944811,"level":"debug","message":"Base url not specified, skipping its injection.","meta":{"rootId":"ddy30828tcw1nly","id":"ddy30828tcw1nly"},"id":"gwbp6xiqszx8js7","previousOperationId":"6hz1qig0wv0uesl"}
{"type":"operationStart","subtype":"engine","name":"handlebars","timestamp":1780979944812,"id":"ciff6d8c3dnhchm","previousEventId":"z9k2h28y0x3nr10","operationId":"12y3tnux02mrv1a","previousOperationId":"6hz1qig0wv0uesl"}
{"type":"log","timestamp":1780979944812,"level":"debug","message":"Rendering engine handlebars","meta":{"rootId":"ddy30828tcw1nly","id":"ddy30828tcw1nly"},"id":"fi34g7trjmcri9o","previousOperationId":"12y3tnux02mrv1a"}
{"type":"operationEnd","operationId":"12y3tnux02mrv1a","timestamp":1780979945126,"id":"klfu40d99tdtt3c","previousEventId":"ciff6d8c3dnhchm","previousOperationId":"12y3tnux02mrv1a"}
{"type":"operationStart","subtype":"recipe","name":"chrome-pdf","timestamp":1780979945127,"id":"b651vl2510g5894","previousEventId":"klfu40d99tdtt3c","operationId":"isvp3i85qbhyz4c","previousOperationId":"12y3tnux02mrv1a"}
{"type":"log","timestamp":1780979945127,"level":"debug","message":"Executing recipe chrome-pdf","meta":{"rootId":"ddy30828tcw1nly","id":"ddy30828tcw1nly"},"id":"dvwh0kukscfxuaj","previousOperationId":"isvp3i85qbhyz4c"}
{"type":"log","timestamp":1780979945279,"level":"debug","message":"Converting with chrome HeadlessChrome/117.0.5938.149 using chrome-pool strategy","meta":{"rootId":"ddy30828tcw1nly","id":"ddy30828tcw1nly"},"id":"62mn2ypcri1y4x9","previousOperationId":"isvp3i85qbhyz4c"}
{"type":"log","timestamp":1780979945393,"level":"debug","message":"Page request: GET (document) file:///tmp/jsreport/autocleanup/d7187883-00fe-4559-a6d5-059e1478e2bb-chrome-pdf.html","meta":{"rootId":"ddy30828tcw1nly","id":"ddy30828tcw1nly"},"id":"5rjitak1v0whxfo","previousOperationId":"isvp3i85qbhyz4c"}
{"type":"log","timestamp":1780979945408,"level":"debug","message":"Page request finished: GET (document) 200 file:///tmp/jsreport/autocleanup/d7187883-00fe-4559-a6d5-059e1478e2bb-chrome-pdf.html","meta":{"rootId":"ddy30828tcw1nly","id":"ddy30828tcw1nly"},"id":"816veuuboeu8bgg","previousOperationId":"isvp3i85qbhyz4c"}
{"type":"log","timestamp":1780979945413,"level":"debug","message":"Running chrome with params {\"printBackground\":true,\"format\":\"A4\",\"marginTop\":\"10mm\",\"marginLeft\":\"10mm\",\"marginRight\":\"10mm\",\"marginBottom\":\"10mm\",\"timeout\":59660,\"margin\":{\"top\":\"10mm\",\"right\":\"10mm\",\"bottom\":\"10mm\",\"left\":\"10mm\"}}","meta":{"rootId":"ddy30828tcw1nly","id":"ddy30828tcw1nly"},"id":"m6fmxb4o88i7t2i","previousOperationId":"isvp3i85qbhyz4c"}
{"type":"operationEnd","operationId":"isvp3i85qbhyz4c","timestamp":1780979945423,"id":"9jir3ky3tr28n1t","previousEventId":"b651vl2510g5894","previousOperationId":"isvp3i85qbhyz4c"}
{"type":"log","timestamp":1780979945424,"level":"debug","message":"Skipping storing report.","meta":{"rootId":"ddy30828tcw1nly","id":"ddy30828tcw1nly"},"id":"pp017xtp50k0dno","previousOperationId":"isvp3i85qbhyz4c"}
{"type":"log","timestamp":1780979945424,"level":"info","message":"Rendering request 1 finished in 633 ms","meta":{"rootId":"ddy30828tcw1nly","id":"ddy30828tcw1nly"},"id":"ax8onb0h2tcq0k6","previousOperationId":"isvp3i85qbhyz4c"}
{"type":"operationEnd","subtype":"render","operationId":"6hz1qig0wv0uesl","timestamp":1780979945425,"id":"wh99hajp8mmvq35","previousEventId":"9jir3ky3tr28n1t","previousOperationId":"isvp3i85qbhyz4c"}
{"type":"operationEnd","doDiffs":false,"previousEventId":"kmqfk0y6eavs0pv","previousOperationId":"p7d8qvssxcy60xo","operationId":"p7d8qvssxcy60xo","timestamp":1780979945428,"id":"kmtrhfz02jeleqf"}
