{"type":"operationStart","subtype":"profile","data":{"_id":"4uwhhgim7dy7MYE3","timestamp":"2026-06-09T04:28:39.202Z","state":"queued","mode":"standard","creationDate":"2026-06-09T04:28:39.203Z","modificationDate":"2026-06-09T04:28:39.203Z","shortid":"_m0aywT","inheritedReadPermissions":[],"inheritedEditPermissions":[],"$entitySet":"profiles"},"doDiffs":false,"timestamp":1780979319202,"id":"f9ku7vqr8mnvjtr","previousOperationId":null,"operationId":"2mq6yml9loyt18y"}
{"type":"log","level":"info","message":"Render request 6 queued for execution and waiting for available worker","previousOperationId":"2mq6yml9loyt18y","timestamp":1780979319202,"id":"xinx6a1yix2o72p"}
{"type":"operationStart","subtype":"render","name":"invoice-main","previousOperationId":"2mq6yml9loyt18y","timestamp":1780979319208,"id":"douksbmgvvjnf7e","previousEventId":"f9ku7vqr8mnvjtr","operationId":"cbeqief92xikdwl"}
{"type":"log","timestamp":1780979319208,"level":"info","message":"Starting rendering request 6 (user: admin)","meta":{"rootId":"e97en24n6kochx3","id":"e97en24n6kochx3"},"id":"xilvwkzgm32glxr","previousOperationId":"cbeqief92xikdwl"}
{"type":"log","timestamp":1780979319208,"level":"info","message":"Rendering template { name: invoice-main, recipe: chrome-pdf, engine: handlebars, preview: false }","meta":{"rootId":"e97en24n6kochx3","id":"e97en24n6kochx3"},"id":"r19qm9ok8q4hn7w","previousOperationId":"cbeqief92xikdwl"}
{"type":"log","timestamp":1780979319208,"level":"debug","message":"Inline data specified.","meta":{"rootId":"e97en24n6kochx3","id":"e97en24n6kochx3"},"id":"zr2cecyhvkq3q5b","previousOperationId":"cbeqief92xikdwl"}
{"type":"log","timestamp":1780979319209,"level":"debug","message":"Base url not specified, skipping its injection.","meta":{"rootId":"e97en24n6kochx3","id":"e97en24n6kochx3"},"id":"i6r4hf860lt48oo","previousOperationId":"cbeqief92xikdwl"}
{"type":"operationStart","subtype":"engine","name":"handlebars","timestamp":1780979319210,"id":"96xvqnx5w2b3kfa","previousEventId":"douksbmgvvjnf7e","operationId":"ipmx5fibhb0bw1s","previousOperationId":"cbeqief92xikdwl"}
{"type":"log","timestamp":1780979319210,"level":"debug","message":"Rendering engine handlebars","meta":{"rootId":"e97en24n6kochx3","id":"e97en24n6kochx3"},"id":"54jy875btjlozoh","previousOperationId":"ipmx5fibhb0bw1s"}
{"type":"operationEnd","operationId":"ipmx5fibhb0bw1s","timestamp":1780979319219,"id":"zlfsiin7wlteleh","previousEventId":"96xvqnx5w2b3kfa","previousOperationId":"ipmx5fibhb0bw1s"}
{"type":"operationStart","subtype":"recipe","name":"chrome-pdf","timestamp":1780979319220,"id":"3oxbq2b8xrpthmp","previousEventId":"zlfsiin7wlteleh","operationId":"ukd50qzjq2yq80p","previousOperationId":"ipmx5fibhb0bw1s"}
{"type":"log","timestamp":1780979319220,"level":"debug","message":"Executing recipe chrome-pdf","meta":{"rootId":"e97en24n6kochx3","id":"e97en24n6kochx3"},"id":"qlur3v61uqg825e","previousOperationId":"ukd50qzjq2yq80p"}
{"type":"log","timestamp":1780979319223,"level":"debug","message":"Converting with chrome HeadlessChrome/117.0.5938.149 using chrome-pool strategy","meta":{"rootId":"e97en24n6kochx3","id":"e97en24n6kochx3"},"id":"uow0l3h7bj2c554","previousOperationId":"ukd50qzjq2yq80p"}
{"type":"log","timestamp":1780979319256,"level":"debug","message":"Page request: GET (document) file:///tmp/jsreport/autocleanup/1f7dede3-f8a6-49e4-9b47-c4a846c4cb83-chrome-pdf.html","meta":{"rootId":"e97en24n6kochx3","id":"e97en24n6kochx3"},"id":"eozga2f2blaee5h","previousOperationId":"ukd50qzjq2yq80p"}
{"type":"log","timestamp":1780979319264,"level":"debug","message":"Page request finished: GET (document) 200 file:///tmp/jsreport/autocleanup/1f7dede3-f8a6-49e4-9b47-c4a846c4cb83-chrome-pdf.html","meta":{"rootId":"e97en24n6kochx3","id":"e97en24n6kochx3"},"id":"uq5yn1n5uyz7vho","previousOperationId":"ukd50qzjq2yq80p"}
{"type":"log","timestamp":1780979319268,"level":"debug","message":"Running chrome with params {\"printBackground\":true,\"format\":\"A4\",\"marginTop\":\"\",\"marginLeft\":\"\",\"marginRight\":\"\",\"marginBottom\":\"\",\"timeout\":59979,\"margin\":{\"top\":\"\",\"right\":\"\",\"bottom\":\"\",\"left\":\"\"}}","meta":{"rootId":"e97en24n6kochx3","id":"e97en24n6kochx3"},"id":"3991cdgnnpnxah4","previousOperationId":"ukd50qzjq2yq80p"}
{"type":"operationEnd","operationId":"ukd50qzjq2yq80p","timestamp":1780979319274,"id":"k4fm1g9050abhga","previousEventId":"3oxbq2b8xrpthmp","previousOperationId":"ukd50qzjq2yq80p"}
{"type":"log","timestamp":1780979319274,"level":"debug","message":"Skipping storing report.","meta":{"rootId":"e97en24n6kochx3","id":"e97en24n6kochx3"},"id":"pdhmd0cs5xmyd7i","previousOperationId":"ukd50qzjq2yq80p"}
{"type":"log","timestamp":1780979319274,"level":"info","message":"Rendering request 6 finished in 73 ms","meta":{"rootId":"e97en24n6kochx3","id":"e97en24n6kochx3"},"id":"3ijgbg6lem03lwc","previousOperationId":"ukd50qzjq2yq80p"}
{"type":"operationEnd","subtype":"render","operationId":"cbeqief92xikdwl","timestamp":1780979319274,"id":"289rffqf3kfhn96","previousEventId":"k4fm1g9050abhga","previousOperationId":"ukd50qzjq2yq80p"}
{"type":"operationEnd","doDiffs":false,"previousEventId":"f9ku7vqr8mnvjtr","previousOperationId":"2mq6yml9loyt18y","operationId":"2mq6yml9loyt18y","timestamp":1780979319275,"id":"74xsml7fvxkidt5"}
