{"type":"operationStart","subtype":"profile","data":{"_id":"TpJeZDuazttV0Eme","timestamp":"2026-06-09T04:19:16.530Z","state":"queued","mode":"standard","creationDate":"2026-06-09T04:19:16.531Z","modificationDate":"2026-06-09T04:19:16.531Z","shortid":"dNToHZh","inheritedReadPermissions":[],"inheritedEditPermissions":[],"$entitySet":"profiles"},"doDiffs":false,"timestamp":1780978756531,"id":"gn8gcvovml933mb","previousOperationId":null,"operationId":"khcd53drct31cnr"}
{"type":"log","level":"info","message":"Render request 5 queued for execution and waiting for available worker","previousOperationId":"khcd53drct31cnr","timestamp":1780978756531,"id":"3zkgvin10e6q9vb"}
{"type":"operationStart","subtype":"render","name":"invoice-main","previousOperationId":"khcd53drct31cnr","timestamp":1780978756535,"id":"yhuapl3iaxirh85","previousEventId":"gn8gcvovml933mb","operationId":"ti7nlo4fd94pmya"}
{"type":"log","timestamp":1780978756535,"level":"info","message":"Starting rendering request 5 (user: admin)","meta":{"rootId":"g89fmmtgwfo1n2q","id":"g89fmmtgwfo1n2q"},"id":"b0li9mvxksgb3wc","previousOperationId":"ti7nlo4fd94pmya"}
{"type":"log","timestamp":1780978756535,"level":"info","message":"Rendering template { name: invoice-main, recipe: chrome-pdf, engine: handlebars, preview: false }","meta":{"rootId":"g89fmmtgwfo1n2q","id":"g89fmmtgwfo1n2q"},"id":"6jsk2eeuj1fweww","previousOperationId":"ti7nlo4fd94pmya"}
{"type":"log","timestamp":1780978756536,"level":"debug","message":"Inline data specified.","meta":{"rootId":"g89fmmtgwfo1n2q","id":"g89fmmtgwfo1n2q"},"id":"ydkp4g2t807mhjx","previousOperationId":"ti7nlo4fd94pmya"}
{"type":"log","timestamp":1780978756538,"level":"debug","message":"Base url not specified, skipping its injection.","meta":{"rootId":"g89fmmtgwfo1n2q","id":"g89fmmtgwfo1n2q"},"id":"g51ivv6sslv99j8","previousOperationId":"ti7nlo4fd94pmya"}
{"type":"operationStart","subtype":"engine","name":"handlebars","timestamp":1780978756538,"id":"3do1m76igx65f3t","previousEventId":"yhuapl3iaxirh85","operationId":"7nobay3a5z32cgu","previousOperationId":"ti7nlo4fd94pmya"}
{"type":"log","timestamp":1780978756539,"level":"debug","message":"Rendering engine handlebars","meta":{"rootId":"g89fmmtgwfo1n2q","id":"g89fmmtgwfo1n2q"},"id":"tq97reqfsxeo5no","previousOperationId":"7nobay3a5z32cgu"}
{"type":"operationEnd","operationId":"7nobay3a5z32cgu","timestamp":1780978756549,"id":"5m0o3t0qq3fu1di","previousEventId":"3do1m76igx65f3t","previousOperationId":"7nobay3a5z32cgu"}
{"type":"operationStart","subtype":"recipe","name":"chrome-pdf","timestamp":1780978756550,"id":"hz2d1uhh03n2fos","previousEventId":"5m0o3t0qq3fu1di","operationId":"g6c30hd9hioqfyk","previousOperationId":"7nobay3a5z32cgu"}
{"type":"log","timestamp":1780978756550,"level":"debug","message":"Executing recipe chrome-pdf","meta":{"rootId":"g89fmmtgwfo1n2q","id":"g89fmmtgwfo1n2q"},"id":"svvyjhr8x858lxi","previousOperationId":"g6c30hd9hioqfyk"}
{"type":"log","timestamp":1780978756553,"level":"debug","message":"Converting with chrome HeadlessChrome/117.0.5938.149 using chrome-pool strategy","meta":{"rootId":"g89fmmtgwfo1n2q","id":"g89fmmtgwfo1n2q"},"id":"l5f3ek5ufy9es0x","previousOperationId":"g6c30hd9hioqfyk"}
{"type":"log","timestamp":1780978756582,"level":"debug","message":"Page request: GET (document) file:///tmp/jsreport/autocleanup/36ad1d8d-2681-4383-b283-440c65224898-chrome-pdf.html","meta":{"rootId":"g89fmmtgwfo1n2q","id":"g89fmmtgwfo1n2q"},"id":"juc742qajt7j2qt","previousOperationId":"g6c30hd9hioqfyk"}
{"type":"log","timestamp":1780978756591,"level":"debug","message":"Page request finished: GET (document) 200 file:///tmp/jsreport/autocleanup/36ad1d8d-2681-4383-b283-440c65224898-chrome-pdf.html","meta":{"rootId":"g89fmmtgwfo1n2q","id":"g89fmmtgwfo1n2q"},"id":"ha8r5kn4co8l7dj","previousOperationId":"g6c30hd9hioqfyk"}
{"type":"log","timestamp":1780978756595,"level":"debug","message":"Running chrome with params {\"printBackground\":true,\"format\":\"A4\",\"marginTop\":\"\",\"marginLeft\":\"\",\"marginRight\":\"\",\"marginBottom\":\"\",\"timeout\":59978,\"margin\":{\"top\":\"\",\"right\":\"\",\"bottom\":\"\",\"left\":\"\"}}","meta":{"rootId":"g89fmmtgwfo1n2q","id":"g89fmmtgwfo1n2q"},"id":"gjifrqye9m6k3nu","previousOperationId":"g6c30hd9hioqfyk"}
{"type":"operationEnd","operationId":"g6c30hd9hioqfyk","timestamp":1780978756602,"id":"cishnu9c8ep1ulb","previousEventId":"hz2d1uhh03n2fos","previousOperationId":"g6c30hd9hioqfyk"}
{"type":"log","timestamp":1780978756602,"level":"debug","message":"Skipping storing report.","meta":{"rootId":"g89fmmtgwfo1n2q","id":"g89fmmtgwfo1n2q"},"id":"qc3nkdlrr6wmpbj","previousOperationId":"g6c30hd9hioqfyk"}
{"type":"log","timestamp":1780978756602,"level":"info","message":"Rendering request 5 finished in 72 ms","meta":{"rootId":"g89fmmtgwfo1n2q","id":"g89fmmtgwfo1n2q"},"id":"orp2v7d17is32pt","previousOperationId":"g6c30hd9hioqfyk"}
{"type":"operationEnd","subtype":"render","operationId":"ti7nlo4fd94pmya","timestamp":1780978756602,"id":"2gsnpdln9dwi7s3","previousEventId":"cishnu9c8ep1ulb","previousOperationId":"g6c30hd9hioqfyk"}
{"type":"operationEnd","doDiffs":false,"previousEventId":"gn8gcvovml933mb","previousOperationId":"khcd53drct31cnr","operationId":"khcd53drct31cnr","timestamp":1780978756604,"id":"3wcdh8m0urdmzq0"}
