{"type":"operationStart","subtype":"profile","data":{"_id":"MhItLc3q6whC3161","timestamp":"2026-06-09T04:37:08.738Z","state":"queued","mode":"standard","creationDate":"2026-06-09T04:37:08.739Z","modificationDate":"2026-06-09T04:37:08.739Z","shortid":"XqIcz1p","inheritedReadPermissions":[],"inheritedEditPermissions":[],"$entitySet":"profiles"},"doDiffs":false,"timestamp":1780979828739,"id":"qrj1o1q34n6ckhu","previousOperationId":null,"operationId":"bunkiqxybh48z19"}
{"type":"log","level":"info","message":"Render request 7 queued for execution and waiting for available worker","previousOperationId":"bunkiqxybh48z19","timestamp":1780979828739,"id":"j8b1ah93dzg6jji"}
{"type":"operationStart","subtype":"render","name":"invoice-main","previousOperationId":"bunkiqxybh48z19","timestamp":1780979828744,"id":"0drrs576bm654x6","previousEventId":"qrj1o1q34n6ckhu","operationId":"yty4thjf7einl22"}
{"type":"log","timestamp":1780979828744,"level":"info","message":"Starting rendering request 7 (user: admin)","meta":{"rootId":"grr6ku3k4cmqcqe","id":"grr6ku3k4cmqcqe"},"id":"rw2u3v7pscl89uk","previousOperationId":"yty4thjf7einl22"}
{"type":"log","timestamp":1780979828744,"level":"info","message":"Rendering template { name: invoice-main, recipe: chrome-pdf, engine: handlebars, preview: false }","meta":{"rootId":"grr6ku3k4cmqcqe","id":"grr6ku3k4cmqcqe"},"id":"1467gxuyg5ngric","previousOperationId":"yty4thjf7einl22"}
{"type":"log","timestamp":1780979828744,"level":"debug","message":"Inline data specified.","meta":{"rootId":"grr6ku3k4cmqcqe","id":"grr6ku3k4cmqcqe"},"id":"r73o26p60ayduzt","previousOperationId":"yty4thjf7einl22"}
{"type":"log","timestamp":1780979828745,"level":"debug","message":"Base url not specified, skipping its injection.","meta":{"rootId":"grr6ku3k4cmqcqe","id":"grr6ku3k4cmqcqe"},"id":"39wwqcbx4g217rt","previousOperationId":"yty4thjf7einl22"}
{"type":"operationStart","subtype":"engine","name":"handlebars","timestamp":1780979828745,"id":"mdpuc0jdyi4ugmc","previousEventId":"0drrs576bm654x6","operationId":"ztrd0c371a9n0tk","previousOperationId":"yty4thjf7einl22"}
{"type":"log","timestamp":1780979828745,"level":"debug","message":"Rendering engine handlebars","meta":{"rootId":"grr6ku3k4cmqcqe","id":"grr6ku3k4cmqcqe"},"id":"4a2o8df0ce3d3c6","previousOperationId":"ztrd0c371a9n0tk"}
{"type":"operationEnd","operationId":"ztrd0c371a9n0tk","timestamp":1780979828756,"id":"sbax3t7ntq50x6l","previousEventId":"mdpuc0jdyi4ugmc","previousOperationId":"ztrd0c371a9n0tk"}
{"type":"operationStart","subtype":"recipe","name":"chrome-pdf","timestamp":1780979828758,"id":"04bxh00oo3j0hw3","previousEventId":"sbax3t7ntq50x6l","operationId":"yvethgti6uht4zw","previousOperationId":"ztrd0c371a9n0tk"}
{"type":"log","timestamp":1780979828758,"level":"debug","message":"Executing recipe chrome-pdf","meta":{"rootId":"grr6ku3k4cmqcqe","id":"grr6ku3k4cmqcqe"},"id":"06bb4z5vodo8b54","previousOperationId":"yvethgti6uht4zw"}
{"type":"log","timestamp":1780979828762,"level":"debug","message":"Converting with chrome HeadlessChrome/117.0.5938.149 using chrome-pool strategy","meta":{"rootId":"grr6ku3k4cmqcqe","id":"grr6ku3k4cmqcqe"},"id":"vp93mirj6tbe2m9","previousOperationId":"yvethgti6uht4zw"}
{"type":"log","timestamp":1780979828801,"level":"debug","message":"Page request: GET (document) file:///tmp/jsreport/autocleanup/fe9e5779-bb71-4a2e-b843-e1357f344a41-chrome-pdf.html","meta":{"rootId":"grr6ku3k4cmqcqe","id":"grr6ku3k4cmqcqe"},"id":"43coaqlo05uho58","previousOperationId":"yvethgti6uht4zw"}
{"type":"log","timestamp":1780979828816,"level":"debug","message":"Page request finished: GET (document) 200 file:///tmp/jsreport/autocleanup/fe9e5779-bb71-4a2e-b843-e1357f344a41-chrome-pdf.html","meta":{"rootId":"grr6ku3k4cmqcqe","id":"grr6ku3k4cmqcqe"},"id":"lfczrromzfpwlfx","previousOperationId":"yvethgti6uht4zw"}
{"type":"log","timestamp":1780979828821,"level":"debug","message":"Running chrome with params {\"printBackground\":true,\"format\":\"A4\",\"marginTop\":\"10mm\",\"marginLeft\":\"10mm\",\"marginRight\":\"10mm\",\"marginBottom\":\"10mm\",\"timeout\":59978,\"margin\":{\"top\":\"10mm\",\"right\":\"10mm\",\"bottom\":\"10mm\",\"left\":\"10mm\"}}","meta":{"rootId":"grr6ku3k4cmqcqe","id":"grr6ku3k4cmqcqe"},"id":"tenjwsuwxiej9ay","previousOperationId":"yvethgti6uht4zw"}
{"type":"operationEnd","operationId":"yvethgti6uht4zw","timestamp":1780979828829,"id":"ej5d5ys73xg11zm","previousEventId":"04bxh00oo3j0hw3","previousOperationId":"yvethgti6uht4zw"}
{"type":"log","timestamp":1780979828829,"level":"debug","message":"Skipping storing report.","meta":{"rootId":"grr6ku3k4cmqcqe","id":"grr6ku3k4cmqcqe"},"id":"c187f6flq7dy02q","previousOperationId":"yvethgti6uht4zw"}
{"type":"log","timestamp":1780979828829,"level":"info","message":"Rendering request 7 finished in 91 ms","meta":{"rootId":"grr6ku3k4cmqcqe","id":"grr6ku3k4cmqcqe"},"id":"vmosn1cta4mkop6","previousOperationId":"yvethgti6uht4zw"}
{"type":"operationEnd","subtype":"render","operationId":"yty4thjf7einl22","timestamp":1780979828829,"id":"9r3gg169vwfjspy","previousEventId":"ej5d5ys73xg11zm","previousOperationId":"yvethgti6uht4zw"}
{"type":"operationEnd","doDiffs":false,"previousEventId":"qrj1o1q34n6ckhu","previousOperationId":"bunkiqxybh48z19","operationId":"bunkiqxybh48z19","timestamp":1780979828830,"id":"abahn2mfpkb4efs"}
