{"type":"operationStart","subtype":"profile","data":{"_id":"L5mpMUmCnfnDlgvx","timestamp":"2026-06-09T04:27:53.384Z","state":"queued","mode":"standard","creationDate":"2026-06-09T04:27:53.386Z","modificationDate":"2026-06-09T04:27:53.386Z","shortid":"dPBOhLz","inheritedReadPermissions":[],"inheritedEditPermissions":[],"$entitySet":"profiles"},"doDiffs":false,"timestamp":1780979273385,"id":"kgli83p0vlp2fio","previousOperationId":null,"operationId":"4fvebgyu69ele9w"}
{"type":"log","level":"info","message":"Render request 2 queued for execution and waiting for available worker","previousOperationId":"4fvebgyu69ele9w","timestamp":1780979273385,"id":"8xdnjxqkdfrxomy"}
{"type":"operationStart","subtype":"render","name":"invoice-main","previousOperationId":"4fvebgyu69ele9w","timestamp":1780979273395,"id":"q4rhbjacd5lq0qu","previousEventId":"kgli83p0vlp2fio","operationId":"zio9dbirms08ijw"}
{"type":"log","timestamp":1780979273396,"level":"info","message":"Starting rendering request 2 (user: admin)","meta":{"rootId":"onna53lys4z4jsz","id":"onna53lys4z4jsz"},"id":"nfgmfmzlqlu3m97","previousOperationId":"zio9dbirms08ijw"}
{"type":"log","timestamp":1780979273397,"level":"info","message":"Rendering template { name: invoice-main, recipe: chrome-pdf, engine: handlebars, preview: false }","meta":{"rootId":"onna53lys4z4jsz","id":"onna53lys4z4jsz"},"id":"wnsomiec6conw4s","previousOperationId":"zio9dbirms08ijw"}
{"type":"log","timestamp":1780979273399,"level":"debug","message":"Inline data specified.","meta":{"rootId":"onna53lys4z4jsz","id":"onna53lys4z4jsz"},"id":"hpbygih9wf2sckx","previousOperationId":"zio9dbirms08ijw"}
{"type":"log","timestamp":1780979273401,"level":"debug","message":"Base url not specified, skipping its injection.","meta":{"rootId":"onna53lys4z4jsz","id":"onna53lys4z4jsz"},"id":"hn8dxys606uyfvf","previousOperationId":"zio9dbirms08ijw"}
{"type":"operationStart","subtype":"engine","name":"handlebars","timestamp":1780979273402,"id":"tf9ft7gbhzha1dd","previousEventId":"q4rhbjacd5lq0qu","operationId":"tn1wh6e3yut0cwx","previousOperationId":"zio9dbirms08ijw"}
{"type":"log","timestamp":1780979273402,"level":"debug","message":"Rendering engine handlebars","meta":{"rootId":"onna53lys4z4jsz","id":"onna53lys4z4jsz"},"id":"lw57ri1b0b36d0a","previousOperationId":"tn1wh6e3yut0cwx"}
{"type":"operationEnd","operationId":"tn1wh6e3yut0cwx","timestamp":1780979273695,"id":"br9rmexgmwbjk8z","previousEventId":"tf9ft7gbhzha1dd","previousOperationId":"tn1wh6e3yut0cwx"}
{"type":"operationStart","subtype":"recipe","name":"chrome-pdf","timestamp":1780979273696,"id":"0r1faknl6t1yx8g","previousEventId":"br9rmexgmwbjk8z","operationId":"38ln77odr559q0j","previousOperationId":"tn1wh6e3yut0cwx"}
{"type":"log","timestamp":1780979273697,"level":"debug","message":"Executing recipe chrome-pdf","meta":{"rootId":"onna53lys4z4jsz","id":"onna53lys4z4jsz"},"id":"9w1sy7jfg133dxq","previousOperationId":"38ln77odr559q0j"}
{"type":"log","timestamp":1780979273795,"level":"debug","message":"Converting with chrome HeadlessChrome/117.0.5938.149 using chrome-pool strategy","meta":{"rootId":"onna53lys4z4jsz","id":"onna53lys4z4jsz"},"id":"2kcsz2pd7iappuv","previousOperationId":"38ln77odr559q0j"}
{"type":"log","timestamp":1780979273878,"level":"debug","message":"Page request: GET (document) file:///tmp/jsreport/autocleanup/250232b7-179f-470c-be69-282b5590ec9e-chrome-pdf.html","meta":{"rootId":"onna53lys4z4jsz","id":"onna53lys4z4jsz"},"id":"s0rlp2z92ffyf9r","previousOperationId":"38ln77odr559q0j"}
{"type":"log","timestamp":1780979273897,"level":"debug","message":"Page request finished: GET (document) 200 file:///tmp/jsreport/autocleanup/250232b7-179f-470c-be69-282b5590ec9e-chrome-pdf.html","meta":{"rootId":"onna53lys4z4jsz","id":"onna53lys4z4jsz"},"id":"ayhfir1unbanf4c","previousOperationId":"38ln77odr559q0j"}
{"type":"log","timestamp":1780979273902,"level":"debug","message":"Running chrome with params {\"printBackground\":true,\"format\":\"A4\",\"marginTop\":\"\",\"marginLeft\":\"\",\"marginRight\":\"\",\"marginBottom\":\"\",\"timeout\":59683,\"margin\":{\"top\":\"\",\"right\":\"\",\"bottom\":\"\",\"left\":\"\"}}","meta":{"rootId":"onna53lys4z4jsz","id":"onna53lys4z4jsz"},"id":"5a3ki750s0nha2b","previousOperationId":"38ln77odr559q0j"}
{"type":"operationEnd","operationId":"38ln77odr559q0j","timestamp":1780979273917,"id":"q1ne8kfdonzr9fi","previousEventId":"0r1faknl6t1yx8g","previousOperationId":"38ln77odr559q0j"}
{"type":"log","timestamp":1780979273918,"level":"debug","message":"Skipping storing report.","meta":{"rootId":"onna53lys4z4jsz","id":"onna53lys4z4jsz"},"id":"2v2req0amvo8t7i","previousOperationId":"38ln77odr559q0j"}
{"type":"log","timestamp":1780979273918,"level":"info","message":"Rendering request 2 finished in 535 ms","meta":{"rootId":"onna53lys4z4jsz","id":"onna53lys4z4jsz"},"id":"ugwwgz3uec5wttd","previousOperationId":"38ln77odr559q0j"}
{"type":"operationEnd","subtype":"render","operationId":"zio9dbirms08ijw","timestamp":1780979273919,"id":"nasyupnxllzzdlh","previousEventId":"q1ne8kfdonzr9fi","previousOperationId":"38ln77odr559q0j"}
{"type":"operationEnd","doDiffs":false,"previousEventId":"kgli83p0vlp2fio","previousOperationId":"4fvebgyu69ele9w","operationId":"4fvebgyu69ele9w","timestamp":1780979273921,"id":"ctwt41ctkza1w12"}
