{"type":"operationStart","subtype":"profile","data":{"_id":"N6PB2xbSfuOeMjJi","timestamp":"2026-06-09T04:17:02.865Z","state":"queued","mode":"standard","creationDate":"2026-06-09T04:17:02.867Z","modificationDate":"2026-06-09T04:17:02.867Z","shortid":"lODIOfv","inheritedReadPermissions":[],"inheritedEditPermissions":[],"$entitySet":"profiles"},"doDiffs":false,"timestamp":1780978622866,"id":"qjexxogxpp40b6b","previousOperationId":null,"operationId":"m4qakfhx9b3o8u3"}
{"type":"log","level":"info","message":"Render request 3 queued for execution and waiting for available worker","previousOperationId":"m4qakfhx9b3o8u3","timestamp":1780978622867,"id":"96u61sggsmc8ym8"}
{"type":"operationStart","subtype":"render","name":"invoice-main","previousOperationId":"m4qakfhx9b3o8u3","timestamp":1780978622872,"id":"9jd2h8p510hzrbx","previousEventId":"qjexxogxpp40b6b","operationId":"y66fn0kejnxa7jp"}
{"type":"log","timestamp":1780978622873,"level":"info","message":"Starting rendering request 3 (user: admin)","meta":{"rootId":"rd4stm950nwyuwb","id":"rd4stm950nwyuwb"},"id":"rbb80rzoou9ksss","previousOperationId":"y66fn0kejnxa7jp"}
{"type":"log","timestamp":1780978622873,"level":"info","message":"Rendering template { name: invoice-main, recipe: chrome-pdf, engine: handlebars, preview: false }","meta":{"rootId":"rd4stm950nwyuwb","id":"rd4stm950nwyuwb"},"id":"azek1l9r465w95m","previousOperationId":"y66fn0kejnxa7jp"}
{"type":"log","timestamp":1780978622875,"level":"debug","message":"Inline data specified.","meta":{"rootId":"rd4stm950nwyuwb","id":"rd4stm950nwyuwb"},"id":"qbmbtms5c1b12wa","previousOperationId":"y66fn0kejnxa7jp"}
{"type":"log","timestamp":1780978622879,"level":"debug","message":"Base url not specified, skipping its injection.","meta":{"rootId":"rd4stm950nwyuwb","id":"rd4stm950nwyuwb"},"id":"b4zt40hbb9ropcl","previousOperationId":"y66fn0kejnxa7jp"}
{"type":"operationStart","subtype":"engine","name":"handlebars","timestamp":1780978622880,"id":"ea8aegl60vpkhdh","previousEventId":"9jd2h8p510hzrbx","operationId":"ybyztksfbwhsody","previousOperationId":"y66fn0kejnxa7jp"}
{"type":"log","timestamp":1780978622880,"level":"debug","message":"Rendering engine handlebars","meta":{"rootId":"rd4stm950nwyuwb","id":"rd4stm950nwyuwb"},"id":"z1r1skw4aev6eni","previousOperationId":"ybyztksfbwhsody"}
{"type":"operationEnd","operationId":"ybyztksfbwhsody","timestamp":1780978623195,"id":"lcvqqga50fihql4","previousEventId":"ea8aegl60vpkhdh","previousOperationId":"ybyztksfbwhsody"}
{"type":"operationStart","subtype":"recipe","name":"chrome-pdf","timestamp":1780978623196,"id":"6yha6zy89ub2347","previousEventId":"lcvqqga50fihql4","operationId":"pfwv8o4knb02mcp","previousOperationId":"ybyztksfbwhsody"}
{"type":"log","timestamp":1780978623196,"level":"debug","message":"Executing recipe chrome-pdf","meta":{"rootId":"rd4stm950nwyuwb","id":"rd4stm950nwyuwb"},"id":"pu6ry1bz5tgh91d","previousOperationId":"pfwv8o4knb02mcp"}
{"type":"log","timestamp":1780978624086,"level":"debug","message":"Converting with chrome HeadlessChrome/117.0.5938.149 using chrome-pool strategy","meta":{"rootId":"rd4stm950nwyuwb","id":"rd4stm950nwyuwb"},"id":"eszzg063wslhopr","previousOperationId":"pfwv8o4knb02mcp"}
{"type":"log","timestamp":1780978624441,"level":"debug","message":"Page request: GET (document) file:///tmp/jsreport/autocleanup/0e7f2c95-c2a9-417b-a065-ea483738d028-chrome-pdf.html","meta":{"rootId":"rd4stm950nwyuwb","id":"rd4stm950nwyuwb"},"id":"ya621y91bd3dr74","previousOperationId":"pfwv8o4knb02mcp"}
{"type":"log","timestamp":1780978624469,"level":"debug","message":"Page request finished: GET (document) 200 file:///tmp/jsreport/autocleanup/0e7f2c95-c2a9-417b-a065-ea483738d028-chrome-pdf.html","meta":{"rootId":"rd4stm950nwyuwb","id":"rd4stm950nwyuwb"},"id":"3g1xnyfnimf1dqw","previousOperationId":"pfwv8o4knb02mcp"}
{"type":"log","timestamp":1780978624484,"level":"debug","message":"Running chrome with params {\"printBackground\":true,\"format\":\"A4\",\"marginTop\":\"\",\"marginLeft\":\"\",\"marginRight\":\"\",\"marginBottom\":\"\",\"timeout\":59665,\"margin\":{\"top\":\"\",\"right\":\"\",\"bottom\":\"\",\"left\":\"\"}}","meta":{"rootId":"rd4stm950nwyuwb","id":"rd4stm950nwyuwb"},"id":"klmdm4aych0ulbl","previousOperationId":"pfwv8o4knb02mcp"}
{"type":"operationEnd","operationId":"pfwv8o4knb02mcp","timestamp":1780978624529,"id":"r1a2lgsimecadcy","previousEventId":"6yha6zy89ub2347","previousOperationId":"pfwv8o4knb02mcp"}
{"type":"log","timestamp":1780978624532,"level":"debug","message":"Skipping storing report.","meta":{"rootId":"rd4stm950nwyuwb","id":"rd4stm950nwyuwb"},"id":"yebxo2y2x677lsf","previousOperationId":"pfwv8o4knb02mcp"}
{"type":"log","timestamp":1780978624532,"level":"info","message":"Rendering request 3 finished in 1667 ms","meta":{"rootId":"rd4stm950nwyuwb","id":"rd4stm950nwyuwb"},"id":"951msyu8bzf8flv","previousOperationId":"pfwv8o4knb02mcp"}
{"type":"operationEnd","subtype":"render","operationId":"y66fn0kejnxa7jp","timestamp":1780978624532,"id":"uw55javapnd4pwd","previousEventId":"r1a2lgsimecadcy","previousOperationId":"pfwv8o4knb02mcp"}
{"type":"operationEnd","doDiffs":false,"previousEventId":"qjexxogxpp40b6b","previousOperationId":"m4qakfhx9b3o8u3","operationId":"m4qakfhx9b3o8u3","timestamp":1780978624538,"id":"ass43ix5zo4ehdf"}
