{"type":"operationStart","subtype":"profile","data":{"_id":"Oc4g5J0pzj4kroK2","timestamp":"2026-06-09T04:28:08.224Z","state":"queued","mode":"standard","creationDate":"2026-06-09T04:28:08.224Z","modificationDate":"2026-06-09T04:28:08.224Z","shortid":"nlPkeDE","inheritedReadPermissions":[],"inheritedEditPermissions":[],"$entitySet":"profiles"},"doDiffs":false,"timestamp":1780979288224,"id":"gq2qbn3c7orcmk8","previousOperationId":null,"operationId":"djcpgj0valosmag"}
{"type":"log","level":"info","message":"Render request 3 queued for execution and waiting for available worker","previousOperationId":"djcpgj0valosmag","timestamp":1780979288224,"id":"17q36yszmvi0aqd"}
{"type":"operationStart","subtype":"render","name":"invoice-main","previousOperationId":"djcpgj0valosmag","timestamp":1780979288228,"id":"wg42kdmlsgcxnwm","previousEventId":"gq2qbn3c7orcmk8","operationId":"xw37cavsd52xq1q"}
{"type":"log","timestamp":1780979288229,"level":"info","message":"Starting rendering request 3 (user: admin)","meta":{"rootId":"woilszp3f9xsm5y","id":"woilszp3f9xsm5y"},"id":"ldl9a68k4ioxj6x","previousOperationId":"xw37cavsd52xq1q"}
{"type":"log","timestamp":1780979288229,"level":"info","message":"Rendering template { name: invoice-main, recipe: chrome-pdf, engine: handlebars, preview: false }","meta":{"rootId":"woilszp3f9xsm5y","id":"woilszp3f9xsm5y"},"id":"63ly6dyvp2qheua","previousOperationId":"xw37cavsd52xq1q"}
{"type":"log","timestamp":1780979288230,"level":"debug","message":"Inline data specified.","meta":{"rootId":"woilszp3f9xsm5y","id":"woilszp3f9xsm5y"},"id":"f7xsa2fzkieymuk","previousOperationId":"xw37cavsd52xq1q"}
{"type":"log","timestamp":1780979288232,"level":"debug","message":"Base url not specified, skipping its injection.","meta":{"rootId":"woilszp3f9xsm5y","id":"woilszp3f9xsm5y"},"id":"hjc0972rrmfj75x","previousOperationId":"xw37cavsd52xq1q"}
{"type":"operationStart","subtype":"engine","name":"handlebars","timestamp":1780979288232,"id":"zsoi1fgffjo8z0a","previousEventId":"wg42kdmlsgcxnwm","operationId":"z446chowvp0lk7p","previousOperationId":"xw37cavsd52xq1q"}
{"type":"log","timestamp":1780979288232,"level":"debug","message":"Rendering engine handlebars","meta":{"rootId":"woilszp3f9xsm5y","id":"woilszp3f9xsm5y"},"id":"h6sfblm52qtfzzw","previousOperationId":"z446chowvp0lk7p"}
{"type":"operationEnd","operationId":"z446chowvp0lk7p","timestamp":1780979288244,"id":"o0asfldrja0wsl8","previousEventId":"zsoi1fgffjo8z0a","previousOperationId":"z446chowvp0lk7p"}
{"type":"operationStart","subtype":"recipe","name":"chrome-pdf","timestamp":1780979288245,"id":"jucq1n3n7ohd0zr","previousEventId":"o0asfldrja0wsl8","operationId":"n4k6i8lfkcw9idz","previousOperationId":"z446chowvp0lk7p"}
{"type":"log","timestamp":1780979288245,"level":"debug","message":"Executing recipe chrome-pdf","meta":{"rootId":"woilszp3f9xsm5y","id":"woilszp3f9xsm5y"},"id":"qr35fi0dl640p4u","previousOperationId":"n4k6i8lfkcw9idz"}
{"type":"log","timestamp":1780979288248,"level":"debug","message":"Converting with chrome HeadlessChrome/117.0.5938.149 using chrome-pool strategy","meta":{"rootId":"woilszp3f9xsm5y","id":"woilszp3f9xsm5y"},"id":"y7x5dyovjwqhvqf","previousOperationId":"n4k6i8lfkcw9idz"}
{"type":"log","timestamp":1780979288280,"level":"debug","message":"Page request: GET (document) file:///tmp/jsreport/autocleanup/fdc5fc96-6f36-41fd-9a8c-da68d5385635-chrome-pdf.html","meta":{"rootId":"woilszp3f9xsm5y","id":"woilszp3f9xsm5y"},"id":"dkqk8hqekrdqq3p","previousOperationId":"n4k6i8lfkcw9idz"}
{"type":"log","timestamp":1780979288287,"level":"debug","message":"Page request finished: GET (document) 200 file:///tmp/jsreport/autocleanup/fdc5fc96-6f36-41fd-9a8c-da68d5385635-chrome-pdf.html","meta":{"rootId":"woilszp3f9xsm5y","id":"woilszp3f9xsm5y"},"id":"eow1baxh216zsqz","previousOperationId":"n4k6i8lfkcw9idz"}
{"type":"log","timestamp":1780979288291,"level":"debug","message":"Running chrome with params {\"printBackground\":true,\"format\":\"A4\",\"marginTop\":\"\",\"marginLeft\":\"\",\"marginRight\":\"\",\"marginBottom\":\"\",\"timeout\":59978,\"margin\":{\"top\":\"\",\"right\":\"\",\"bottom\":\"\",\"left\":\"\"}}","meta":{"rootId":"woilszp3f9xsm5y","id":"woilszp3f9xsm5y"},"id":"nrc7rjz7c82woq4","previousOperationId":"n4k6i8lfkcw9idz"}
{"type":"operationEnd","operationId":"n4k6i8lfkcw9idz","timestamp":1780979288297,"id":"euodd1a1hykqp77","previousEventId":"jucq1n3n7ohd0zr","previousOperationId":"n4k6i8lfkcw9idz"}
{"type":"log","timestamp":1780979288297,"level":"debug","message":"Skipping storing report.","meta":{"rootId":"woilszp3f9xsm5y","id":"woilszp3f9xsm5y"},"id":"10fyyloncdsn0cn","previousOperationId":"n4k6i8lfkcw9idz"}
{"type":"log","timestamp":1780979288297,"level":"info","message":"Rendering request 3 finished in 73 ms","meta":{"rootId":"woilszp3f9xsm5y","id":"woilszp3f9xsm5y"},"id":"ffuqz20jugfndoh","previousOperationId":"n4k6i8lfkcw9idz"}
{"type":"operationEnd","subtype":"render","operationId":"xw37cavsd52xq1q","timestamp":1780979288297,"id":"hqxkl8r1eags9m7","previousEventId":"euodd1a1hykqp77","previousOperationId":"n4k6i8lfkcw9idz"}
{"type":"operationEnd","doDiffs":false,"previousEventId":"gq2qbn3c7orcmk8","previousOperationId":"djcpgj0valosmag","operationId":"djcpgj0valosmag","timestamp":1780979288299,"id":"17o845k8wezqely"}
